2021-11-05 23:16:52.607 ERROR 16921 --- [restartedMain] o.s.b.d.LoggingFailureAnalysisReporter   : 

***************************
APPLICATION FAILED TO START
***************************

Description:

Failed to bind properties under 'logging.level.pattern.file' to org.springframework.boot.logging.LogLevel:

    Property: logging.level.pattern.file
    Value: %d{yyyy-MM-dd HH:mm:ss.SSSS} [%level] [%thread] [%logger:%line] %msg%n
    Origin: class path resource [application-prod.properties] - 8:28
    Reason: failed to convert java.lang.String to org.springframework.boot.logging.LogLevel (caused by java.lang.IllegalArgumentException: No enum constant org.springframework.boot.logging.LogLevel.%d{yyyy-MM-dd HH:mm:ss.SSSS} [%level] [%thread] [%logger:%line] %msg%n)

Action:

Update your application's configuration. The following values are valid:

    DEBUG
    ERROR
    FATAL
    INFO
    OFF
    TRACE
    WARN

2021-11-05 23:17:24.949 ERROR 17158 --- [restartedMain] o.s.b.d.LoggingFailureAnalysisReporter   : 

***************************
APPLICATION FAILED TO START
***************************

Description:

Failed to bind properties under 'logging.level.pattern.file' to org.springframework.boot.logging.LogLevel:

    Property: logging.level.pattern.file
    Value: %d{yyyy-MM-dd HH:mm:ss.SSSS} [%level] [%thread] [%logger:%line] %msg%n
    Origin: class path resource [application-prod.properties] - 8:28
    Reason: failed to convert java.lang.String to org.springframework.boot.logging.LogLevel (caused by java.lang.IllegalArgumentException: No enum constant org.springframework.boot.logging.LogLevel.%d{yyyy-MM-dd HH:mm:ss.SSSS} [%level] [%thread] [%logger:%line] %msg%n)

Action:

Update your application's configuration. The following values are valid:

    DEBUG
    ERROR
    FATAL
    INFO
    OFF
    TRACE
    WARN

2021-11-05 23:17:39.434 ERROR 17215 --- [restartedMain] o.s.b.d.LoggingFailureAnalysisReporter   : 

***************************
APPLICATION FAILED TO START
***************************

Description:

Failed to bind properties under 'logging.level.pattern.file' to org.springframework.boot.logging.LogLevel:

    Property: logging.level.pattern.file
    Value: %d{yyyy-MM-dd HH:mm:ss.SSSS} [%level] [%thread] [%logger:%line] %msg%n
    Origin: class path resource [application-prod.properties] - 8:28
    Reason: failed to convert java.lang.String to org.springframework.boot.logging.LogLevel (caused by java.lang.IllegalArgumentException: No enum constant org.springframework.boot.logging.LogLevel.%d{yyyy-MM-dd HH:mm:ss.SSSS} [%level] [%thread] [%logger:%line] %msg%n)

Action:

Update your application's configuration. The following values are valid:

    DEBUG
    ERROR
    FATAL
    INFO
    OFF
    TRACE
    WARN

